2025-12-24 12:14:09,788 INFO o.a.j.u.JMeterUtils: Setting Locale to en_EN
2025-12-24 12:14:09,812 INFO o.a.j.JMeter: Loading user properties from: C:\Users\Reza Paramarta\Downloads\apache-jmeter-5.6.3\apache-jmeter-5.6.3\bin\user.properties
2025-12-24 12:14:09,813 INFO o.a.j.JMeter: Loading system properties from: C:\Users\Reza Paramarta\Downloads\apache-jmeter-5.6.3\apache-jmeter-5.6.3\bin\system.properties
2025-12-24 12:14:09,823 INFO o.a.j.JMeter: Copyright (c) 1998-2024 The Apache Software Foundation
2025-12-24 12:14:09,823 INFO o.a.j.JMeter: Version 5.6.3
2025-12-24 12:14:09,824 INFO o.a.j.JMeter: java.version=23.0.2
2025-12-24 12:14:09,824 INFO o.a.j.JMeter: java.vm.name=Java HotSpot(TM) 64-Bit Server VM
2025-12-24 12:14:09,824 INFO o.a.j.JMeter: os.name=Windows 11
2025-12-24 12:14:09,838 INFO o.a.j.JMeter: os.arch=amd64
2025-12-24 12:14:09,838 INFO o.a.j.JMeter: os.version=10.0
2025-12-24 12:14:09,838 INFO o.a.j.JMeter: file.encoding=UTF-8
2025-12-24 12:14:09,838 INFO o.a.j.JMeter: java.awt.headless=true
2025-12-24 12:14:09,838 INFO o.a.j.JMeter: Max memory     =1073741824
2025-12-24 12:14:09,838 INFO o.a.j.JMeter: Available Processors =12
2025-12-24 12:14:09,850 INFO o.a.j.JMeter: Default Locale=English (EN)
2025-12-24 12:14:09,850 INFO o.a.j.JMeter: JMeter  Locale=English (EN)
2025-12-24 12:14:09,851 INFO o.a.j.JMeter: JMeterHome=C:\Users\Reza Paramarta\Downloads\apache-jmeter-5.6.3\apache-jmeter-5.6.3
2025-12-24 12:14:09,851 INFO o.a.j.JMeter: user.dir  =C:\Users\Reza Paramarta\Downloads
2025-12-24 12:14:09,851 INFO o.a.j.JMeter: PWD       =C:\Users\Reza Paramarta\Downloads
2025-12-24 12:14:09,852 INFO o.a.j.JMeter: IP: 192.168.249.71 Name: Workpro-Lite FullName: Workpro-Lite
2025-12-24 12:14:09,881 INFO o.a.j.JMeter: Setting property 'jmeter.reportgenerator.outputdir' to:'C:\Users\Reza Paramarta\Downloads\report'
2025-12-24 12:14:09,884 INFO o.a.j.s.FileServer: Default base='C:\Users\Reza Paramarta\Downloads'
2025-12-24 12:14:09,885 INFO o.a.j.s.FileServer: Set new base='C:\Users\Reza Paramarta\Downloads'
2025-12-24 12:14:10,167 INFO o.a.j.s.SaveService: Testplan (JMX) version: 2.2. Testlog (JTL) version: 2.2
2025-12-24 12:14:10,202 INFO o.a.j.s.SaveService: Using SaveService properties version 5.0
2025-12-24 12:14:10,206 INFO o.a.j.s.SaveService: Using SaveService properties file encoding UTF-8
2025-12-24 12:14:10,210 INFO o.a.j.s.SaveService: Loading file: C:\Users\Reza Paramarta\Downloads\TMDB_person_change_loadtest.jmx
2025-12-24 12:14:10,266 INFO o.a.j.p.h.s.HTTPSamplerBase: Parser for text/html is org.apache.jmeter.protocol.http.parser.LagartoBasedHtmlParser
2025-12-24 12:14:10,266 INFO o.a.j.p.h.s.HTTPSamplerBase: Parser for application/xhtml+xml is org.apache.jmeter.protocol.http.parser.LagartoBasedHtmlParser
2025-12-24 12:14:10,266 INFO o.a.j.p.h.s.HTTPSamplerBase: Parser for application/xml is org.apache.jmeter.protocol.http.parser.LagartoBasedHtmlParser
2025-12-24 12:14:10,266 INFO o.a.j.p.h.s.HTTPSamplerBase: Parser for text/xml is org.apache.jmeter.protocol.http.parser.LagartoBasedHtmlParser
2025-12-24 12:14:10,267 INFO o.a.j.p.h.s.HTTPSamplerBase: Parser for text/vnd.wap.wml is org.apache.jmeter.protocol.http.parser.RegexpHTMLParser
2025-12-24 12:14:10,267 INFO o.a.j.p.h.s.HTTPSamplerBase: Parser for text/css is org.apache.jmeter.protocol.http.parser.CssParser
2025-12-24 12:14:10,296 INFO o.a.j.JMeter: Creating summariser <summary>
2025-12-24 12:14:10,300 INFO o.a.j.r.d.ReportGenerator: ReportGenerator will use for Parsing the separator: ','
2025-12-24 12:14:10,300 INFO o.a.j.r.d.ReportGenerator: Will generate report at end of test from  results file: C:\Users\Reza Paramarta\Downloads\results-final2.jtl
2025-12-24 12:14:10,301 INFO o.a.j.r.d.ReportGenerator: Reading report generator properties from: C:\Users\Reza Paramarta\Downloads\apache-jmeter-5.6.3\apache-jmeter-5.6.3\bin\reportgenerator.properties
2025-12-24 12:14:10,315 INFO o.a.j.r.d.ReportGenerator: Merging with JMeter properties
2025-12-24 12:14:10,321 INFO o.a.j.r.c.ReportGeneratorConfiguration: Property 'jmeter.reportgenerator.temp_dir' not found, using default value 'temp' instead.
2025-12-24 12:14:10,324 INFO o.a.j.r.c.ReportGeneratorConfiguration: Property 'jmeter.reportgenerator.apdex_per_transaction' not found, using default value 'null' instead.
2025-12-24 12:14:10,324 INFO o.a.j.r.c.ReportGeneratorConfiguration: apdex_per_transaction is empty, not APDEX per transaction customization
2025-12-24 12:14:10,324 INFO o.a.j.r.c.ReportGeneratorConfiguration: Property 'jmeter.reportgenerator.sample_filter' not found, using default value 'null' instead.
2025-12-24 12:14:10,324 INFO o.a.j.r.c.ReportGeneratorConfiguration: Property 'jmeter.reportgenerator.report_title' not found, using default value 'null' instead.
2025-12-24 12:14:10,324 INFO o.a.j.r.c.ReportGeneratorConfiguration: Property 'jmeter.reportgenerator.start_date' not found, using default value 'null' instead.
2025-12-24 12:14:10,324 INFO o.a.j.r.c.ReportGeneratorConfiguration: Property 'jmeter.reportgenerator.end_date' not found, using default value 'null' instead.
2025-12-24 12:14:10,324 INFO o.a.j.r.c.ReportGeneratorConfiguration: Property 'jmeter.reportgenerator.date_format' not found, using default value 'null' instead.
2025-12-24 12:14:10,325 INFO o.a.j.r.c.ReportGeneratorConfiguration: Will use date range start date: null, end date: null
2025-12-24 12:14:10,329 INFO o.a.j.r.c.ReportGeneratorConfiguration: Property 'jmeter.reportgenerator.graph.totalTPS.exclude_controllers' not found, using default value 'false' instead.
2025-12-24 12:14:10,329 INFO o.a.j.r.c.ReportGeneratorConfiguration: Property 'jmeter.reportgenerator.graph.activeThreadsOverTime.exclude_controllers' not found, using default value 'false' instead.
2025-12-24 12:14:10,329 INFO o.a.j.r.c.ReportGeneratorConfiguration: Property 'jmeter.reportgenerator.graph.timeVsThreads.exclude_controllers' not found, using default value 'false' instead.
2025-12-24 12:14:10,329 INFO o.a.j.r.c.ReportGeneratorConfiguration: Property 'jmeter.reportgenerator.graph.responseTimeDistribution.exclude_controllers' not found, using default value 'false' instead.
2025-12-24 12:14:10,329 INFO o.a.j.r.c.ReportGeneratorConfiguration: Property 'jmeter.reportgenerator.graph.transactionsPerSecond.exclude_controllers' not found, using default value 'false' instead.
2025-12-24 12:14:10,330 INFO o.a.j.r.c.ReportGeneratorConfiguration: Property 'jmeter.reportgenerator.graph.responseTimePercentiles.exclude_controllers' not found, using default value 'false' instead.
2025-12-24 12:14:10,330 INFO o.a.j.r.c.ReportGeneratorConfiguration: Property 'jmeter.reportgenerator.graph.responseTimePercentilesOverTime.exclude_controllers' not found, using default value 'false' instead.
2025-12-24 12:14:10,330 INFO o.a.j.r.c.ReportGeneratorConfiguration: Property 'jmeter.reportgenerator.graph.responseTimesOverTime.exclude_controllers' not found, using default value 'false' instead.
2025-12-24 12:14:10,331 INFO o.a.j.r.c.ReportGeneratorConfiguration: Property 'jmeter.reportgenerator.graph.connectTimeOverTime.exclude_controllers' not found, using default value 'false' instead.
2025-12-24 12:14:10,331 INFO o.a.j.r.c.ReportGeneratorConfiguration: Property 'jmeter.reportgenerator.graph.latenciesOverTime.exclude_controllers' not found, using default value 'false' instead.
2025-12-24 12:14:10,332 INFO o.a.j.r.c.ReportGeneratorConfiguration: Property 'jmeter.reportgenerator.exporter.json.filters_only_sample_series' not found, using default value 'true' instead.
2025-12-24 12:14:10,332 INFO o.a.j.r.c.ReportGeneratorConfiguration: Property 'jmeter.reportgenerator.exporter.json.series_filter' not found, using default value '' instead.
2025-12-24 12:14:10,332 INFO o.a.j.r.c.ReportGeneratorConfiguration: Property 'jmeter.reportgenerator.exporter.json.show_controllers_only' not found, using default value 'false' instead.
2025-12-24 12:14:10,333 INFO o.a.j.r.c.ReportGeneratorConfiguration: Property 'jmeter.reportgenerator.exporter.html.filters_only_sample_series' not found, using default value 'true' instead.
2025-12-24 12:14:10,333 INFO o.a.j.r.c.ReportGeneratorConfiguration: Property 'jmeter.reportgenerator.exporter.html.series_filter' not found, using default value '' instead.
2025-12-24 12:14:10,333 INFO o.a.j.r.c.ReportGeneratorConfiguration: Property 'jmeter.reportgenerator.exporter.html.show_controllers_only' not found, using default value 'false' instead.
2025-12-24 12:14:10,357 INFO o.a.j.e.StandardJMeterEngine: Running the test!
2025-12-24 12:14:10,359 INFO o.a.j.s.SampleEvent: List of sample_variables: []
2025-12-24 12:14:10,359 INFO o.a.j.s.SampleEvent: List of sample_variables: []
2025-12-24 12:14:10,366 INFO o.a.j.e.u.CompoundVariable: Note: Function class names must contain the string: '.functions.'
2025-12-24 12:14:10,366 INFO o.a.j.e.u.CompoundVariable: Note: Function class names must not contain the string: '.gui.'
2025-12-24 12:14:10,437 INFO o.a.j.r.ClassFinder: Will scan jar C:\Users\Reza Paramarta\Downloads\apache-jmeter-5.6.3\apache-jmeter-5.6.3\lib\ext\jmeter-parallel-0.12.jar with filter ExtendsClassFilter [parents=[interface org.apache.jmeter.functions.Function], inner=false, contains=null, notContains=null]. Consider exposing JMeter plugins via META-INF/services, and add JMeter-Skip-Class-Scanning=true manifest attribute so JMeter can skip classfile scanning
2025-12-24 12:14:10,454 INFO o.a.j.r.ClassFinder: Will scan jar C:\Users\Reza Paramarta\Downloads\apache-jmeter-5.6.3\apache-jmeter-5.6.3\lib\ext\jmeter-plugins-tst-2.6.jar with filter ExtendsClassFilter [parents=[interface org.apache.jmeter.functions.Function], inner=false, contains=null, notContains=null]. Consider exposing JMeter plugins via META-INF/services, and add JMeter-Skip-Class-Scanning=true manifest attribute so JMeter can skip classfile scanning
2025-12-24 12:14:10,457 INFO o.a.j.r.ClassFinder: Will scan jar C:\Users\Reza Paramarta\Downloads\apache-jmeter-5.6.3\apache-jmeter-5.6.3\lib\ext\jmeter-plugins-manager-1.10.jar with filter ExtendsClassFilter [parents=[interface org.apache.jmeter.functions.Function], inner=false, contains=null, notContains=null]. Consider exposing JMeter plugins via META-INF/services, and add JMeter-Skip-Class-Scanning=true manifest attribute so JMeter can skip classfile scanning
2025-12-24 12:14:10,551 INFO o.a.j.r.ClassFinder: Will scan jar C:\Users\Reza Paramarta\Downloads\apache-jmeter-5.6.3\apache-jmeter-5.6.3\lib\ext\jmeter-debugger-0.6.jar with filter ExtendsClassFilter [parents=[interface org.apache.jmeter.functions.Function], inner=false, contains=null, notContains=null]. Consider exposing JMeter plugins via META-INF/services, and add JMeter-Skip-Class-Scanning=true manifest attribute so JMeter can skip classfile scanning
2025-12-24 12:14:10,561 INFO o.a.j.r.ClassFinder: Will scan jar C:\Users\Reza Paramarta\Downloads\apache-jmeter-5.6.3\apache-jmeter-5.6.3\lib\ext\jmeter-plugins-dummy-0.4.jar with filter ExtendsClassFilter [parents=[interface org.apache.jmeter.functions.Function], inner=false, contains=null, notContains=null]. Consider exposing JMeter plugins via META-INF/services, and add JMeter-Skip-Class-Scanning=true manifest attribute so JMeter can skip classfile scanning
2025-12-24 12:14:10,563 INFO o.a.j.r.ClassFinder: Will scan jar C:\Users\Reza Paramarta\Downloads\apache-jmeter-5.6.3\apache-jmeter-5.6.3\lib\ext\jmeter-plugins-casutg-3.0.jar with filter ExtendsClassFilter [parents=[interface org.apache.jmeter.functions.Function], inner=false, contains=null, notContains=null]. Consider exposing JMeter plugins via META-INF/services, and add JMeter-Skip-Class-Scanning=true manifest attribute so JMeter can skip classfile scanning
2025-12-24 12:14:10,573 INFO o.a.j.r.ClassFinder: Will scan jar C:\Users\Reza Paramarta\Downloads\apache-jmeter-5.6.3\apache-jmeter-5.6.3\lib\ext\jmeter-plugins-cmn-jmeter-0.7.jar with filter ExtendsClassFilter [parents=[interface org.apache.jmeter.functions.Function], inner=false, contains=null, notContains=null]. Consider exposing JMeter plugins via META-INF/services, and add JMeter-Skip-Class-Scanning=true manifest attribute so JMeter can skip classfile scanning
2025-12-24 12:14:10,591 INFO o.a.j.r.ClassFinder: Will scan jar C:\Users\Reza Paramarta\Downloads\apache-jmeter-5.6.3\apache-jmeter-5.6.3\lib\ext\tag-jmeter-extn-1.1.jar with filter ExtendsClassFilter [parents=[interface org.apache.jmeter.functions.Function], inner=false, contains=null, notContains=null]. Consider exposing JMeter plugins via META-INF/services, and add JMeter-Skip-Class-Scanning=true manifest attribute so JMeter can skip classfile scanning
2025-12-24 12:14:10,593 INFO o.a.j.r.ClassFinder: Will scan jar C:\Users\Reza Paramarta\Downloads\apache-jmeter-5.6.3\apache-jmeter-5.6.3\lib\ext\cmdrunner-2.3.jar with filter ExtendsClassFilter [parents=[interface org.apache.jmeter.functions.Function], inner=false, contains=null, notContains=null]. Consider exposing JMeter plugins via META-INF/services, and add JMeter-Skip-Class-Scanning=true manifest attribute so JMeter can skip classfile scanning
2025-12-24 12:14:10,595 INFO o.a.j.r.ClassFinder: Will scan jar C:\Users\Reza Paramarta\Downloads\apache-jmeter-5.6.3\apache-jmeter-5.6.3\lib\ext\jmeter-plugins-casutg-3.1.1.jar with filter ExtendsClassFilter [parents=[interface org.apache.jmeter.functions.Function], inner=false, contains=null, notContains=null]. Consider exposing JMeter plugins via META-INF/services, and add JMeter-Skip-Class-Scanning=true manifest attribute so JMeter can skip classfile scanning
2025-12-24 12:14:10,595 INFO o.a.j.r.ClassFinder: Will scan jar C:\Users\Reza Paramarta\Downloads\apache-jmeter-5.6.3\apache-jmeter-5.6.3\lib\ext\jmeter-plugins-ffw-2.0.jar with filter ExtendsClassFilter [parents=[interface org.apache.jmeter.functions.Function], inner=false, contains=null, notContains=null]. Consider exposing JMeter plugins via META-INF/services, and add JMeter-Skip-Class-Scanning=true manifest attribute so JMeter can skip classfile scanning
2025-12-24 12:14:10,597 INFO o.a.j.r.ClassFinder: Will scan jar C:\Users\Reza Paramarta\Downloads\apache-jmeter-5.6.3\apache-jmeter-5.6.3\lib\ext\jmeter-plugins-perfmon-2.1.jar with filter ExtendsClassFilter [parents=[interface org.apache.jmeter.functions.Function], inner=false, contains=null, notContains=null]. Consider exposing JMeter plugins via META-INF/services, and add JMeter-Skip-Class-Scanning=true manifest attribute so JMeter can skip classfile scanning
2025-12-24 12:14:10,602 INFO o.a.j.r.ClassFinder: Will scan jar C:\Users\Reza Paramarta\Downloads\apache-jmeter-5.6.3\apache-jmeter-5.6.3\lib\ext\json-lib-2.4-jdk15.jar with filter ExtendsClassFilter [parents=[interface org.apache.jmeter.functions.Function], inner=false, contains=null, notContains=null]. Consider exposing JMeter plugins via META-INF/services, and add JMeter-Skip-Class-Scanning=true manifest attribute so JMeter can skip classfile scanning
2025-12-24 12:14:10,602 INFO o.a.j.r.ClassFinder: Will scan jar C:\Users\Reza Paramarta\Downloads\apache-jmeter-5.6.3\apache-jmeter-5.6.3\lib\ext\perfmon-2.2.2.jar with filter ExtendsClassFilter [parents=[interface org.apache.jmeter.functions.Function], inner=false, contains=null, notContains=null]. Consider exposing JMeter plugins via META-INF/services, and add JMeter-Skip-Class-Scanning=true manifest attribute so JMeter can skip classfile scanning
2025-12-24 12:14:10,608 INFO o.a.j.r.ClassFinder: Will scan jar C:\Users\Reza Paramarta\Downloads\apache-jmeter-5.6.3\apache-jmeter-5.6.3\lib\ext\jmeter-plugins-senseuploader-3.5.jar with filter ExtendsClassFilter [parents=[interface org.apache.jmeter.functions.Function], inner=false, contains=null, notContains=null]. Consider exposing JMeter plugins via META-INF/services, and add JMeter-Skip-Class-Scanning=true manifest attribute so JMeter can skip classfile scanning
2025-12-24 12:14:10,627 INFO o.a.j.JMeter: Running test (1766553250626)
2025-12-24 12:14:10,642 INFO o.a.j.e.StandardJMeterEngine: Starting ThreadGroup: 1 : Thread Group
2025-12-24 12:14:10,642 INFO o.a.j.e.StandardJMeterEngine: Starting 2 threads for group Thread Group.
2025-12-24 12:14:10,643 INFO o.a.j.e.StandardJMeterEngine: Thread will continue on error
2025-12-24 12:14:10,643 INFO o.a.j.t.ThreadGroup: Starting thread group... number=1 threads=2 ramp-up=10 delayedStart=false
2025-12-24 12:14:10,646 INFO o.a.j.t.ThreadGroup: Started thread group number 1
2025-12-24 12:14:10,647 INFO o.a.j.e.StandardJMeterEngine: All thread groups have been started
2025-12-24 12:14:10,648 INFO o.a.j.t.JMeterThread: Thread started: Thread Group 1-1
2025-12-24 12:14:10,668 INFO o.a.j.p.h.s.HTTPHCAbstractImpl: Local host = Workpro-Lite
2025-12-24 12:14:10,676 INFO o.a.j.p.h.s.HTTPHC4Impl: HTTP request retry count = 0
2025-12-24 12:14:10,678 INFO o.a.j.s.SampleResult: Note: Sample TimeStamps are START times
2025-12-24 12:14:10,678 INFO o.a.j.s.SampleResult: sampleresult.default.encoding is set to UTF-8
2025-12-24 12:14:10,678 INFO o.a.j.s.SampleResult: sampleresult.useNanoTime=true
2025-12-24 12:14:10,678 INFO o.a.j.s.SampleResult: sampleresult.nanoThreadSleep=5000
2025-12-24 12:14:10,853 INFO o.a.j.p.h.s.h.LazyLayeredConnectionSocketFactory: Setting up HTTPS TrustAll Socket Factory
2025-12-24 12:14:10,861 INFO o.a.j.u.JsseSSLManager: Using default SSL protocol: TLS
2025-12-24 12:14:10,861 INFO o.a.j.u.JsseSSLManager: SSL session context: per-thread
2025-12-24 12:14:10,942 INFO o.a.j.u.SSLManager: JmeterKeyStore Location:  type JKS
2025-12-24 12:14:10,945 INFO o.a.j.u.SSLManager: KeyStore created OK
2025-12-24 12:14:10,946 WARN o.a.j.u.SSLManager: Keystore file not found, loading empty keystore
2025-12-24 12:14:15,645 INFO o.a.j.t.JMeterThread: Thread started: Thread Group 1-2
2025-12-24 12:14:30,048 INFO o.a.j.r.Summariser: summary +    117 in 00:00:19 =    6,0/s Avg:   283 Min:   185 Max:  1009 Err:     0 (0,00%) Active: 2 Started: 2 Finished: 0
2025-12-24 12:15:00,189 INFO o.a.j.r.Summariser: summary +    239 in 00:00:30 =    7,9/s Avg:   251 Min:   182 Max:   514 Err:     0 (0,00%) Active: 2 Started: 2 Finished: 0
2025-12-24 12:15:00,190 INFO o.a.j.r.Summariser: summary =    356 in 00:00:50 =    7,2/s Avg:   262 Min:   182 Max:  1009 Err:     0 (0,00%)
2025-12-24 12:15:10,691 INFO o.a.j.t.JMeterThread: Stopping because end time detected by thread: Thread Group 1-2
2025-12-24 12:15:10,692 INFO o.a.j.t.JMeterThread: Stopping because end time detected by thread: Thread Group 1-1
2025-12-24 12:15:10,692 INFO o.a.j.t.JMeterThread: Thread finished: Thread Group 1-1
2025-12-24 12:15:10,692 INFO o.a.j.t.JMeterThread: Thread finished: Thread Group 1-2
2025-12-24 12:15:10,698 INFO o.a.j.e.StandardJMeterEngine: Notifying test listeners of end of test
2025-12-24 12:15:10,699 INFO o.a.j.r.Summariser: summary +     91 in 00:00:11 =    8,7/s Avg:   232 Min:   184 Max:   540 Err:     0 (0,00%) Active: 0 Started: 2 Finished: 2
2025-12-24 12:15:10,700 INFO o.a.j.r.Summariser: summary =    447 in 00:01:00 =    7,4/s Avg:   256 Min:   182 Max:  1009 Err:     0 (0,00%)
2025-12-24 12:15:10,702 INFO o.a.j.JMeter: Generating Dashboard
2025-12-24 12:15:10,702 INFO o.a.j.r.d.ReportGenerator: Flushing result collector before report Generation
2025-12-24 12:15:10,804 INFO o.a.j.r.p.NormalizerSampleConsumer: Using format, 'ms', to parse timeStamp field
2025-12-24 12:15:11,124 INFO o.a.j.r.p.AbstractSampleConsumer: class org.apache.jmeter.report.processor.AggregateConsumer#stopProducing(): beginDate produced 0 samples
2025-12-24 12:15:11,124 INFO o.a.j.r.p.AbstractSampleConsumer: class org.apache.jmeter.report.processor.AggregateConsumer#stopProducing(): endDate produced 0 samples
2025-12-24 12:15:11,128 INFO o.a.j.r.p.AbstractSampleConsumer: class org.apache.jmeter.report.processor.ApdexSummaryConsumer#stopProducing(): apdexSummary produced 0 samples
2025-12-24 12:15:11,129 INFO o.a.j.r.p.AbstractSampleConsumer: class org.apache.jmeter.report.processor.RequestsSummaryConsumer#stopProducing(): requestsSummary produced 0 samples
2025-12-24 12:15:11,143 INFO o.a.j.r.p.AbstractSampleConsumer: class org.apache.jmeter.report.processor.StatisticsSummaryConsumer#stopProducing(): statisticsSummary produced 0 samples
2025-12-24 12:15:11,153 INFO o.a.j.r.p.AbstractSampleConsumer: class org.apache.jmeter.report.processor.Top5ErrorsBySamplerConsumer#stopProducing(): top5ErrorsBySampler produced 0 samples
2025-12-24 12:15:11,153 INFO o.a.j.r.p.AbstractSampleConsumer: class org.apache.jmeter.report.processor.ErrorsSummaryConsumer#stopProducing(): errorsSummary produced 0 samples
2025-12-24 12:15:11,154 INFO o.a.j.r.p.AbstractSampleConsumer: class org.apache.jmeter.report.processor.graph.impl.HitsPerSecondGraphConsumer#stopProducing(): hitsPerSecond produced 0 samples
2025-12-24 12:15:11,275 INFO o.a.j.r.p.AbstractSampleConsumer: class org.apache.jmeter.report.processor.graph.impl.LatencyVSRequestGraphConsumer#stopProducing(): latencyVsRequest produced 0 samples
2025-12-24 12:15:11,276 INFO o.a.j.r.p.AbstractSampleConsumer: class org.apache.jmeter.report.processor.graph.impl.SyntheticResponseTimeDistributionGraphConsumer#stopProducing(): syntheticResponseTimeDistribution produced 0 samples
2025-12-24 12:15:11,277 INFO o.a.j.r.p.AbstractSampleConsumer: class org.apache.jmeter.report.processor.graph.impl.BytesThroughputGraphConsumer#stopProducing(): bytesThroughputOverTime produced 0 samples
2025-12-24 12:15:11,278 INFO o.a.j.r.p.AbstractSampleConsumer: class org.apache.jmeter.report.processor.graph.impl.CodesPerSecondGraphConsumer#stopProducing(): codesPerSecond produced 0 samples
2025-12-24 12:15:11,308 INFO o.a.j.r.p.AbstractSampleConsumer: class org.apache.jmeter.report.processor.graph.impl.ResponseTimeVSRequestGraphConsumer#stopProducing(): responseTimeVsRequest produced 0 samples
2025-12-24 12:15:11,309 INFO o.a.j.r.p.AbstractSampleConsumer: class org.apache.jmeter.report.processor.FilterConsumer#stopProducing(): startIntervalControlerFilter produced 3129 samples
2025-12-24 12:15:11,309 INFO o.a.j.r.p.AbstractSampleConsumer: class org.apache.jmeter.report.processor.graph.impl.TotalTPSGraphConsumer#stopProducing(): totalTPS produced 0 samples
2025-12-24 12:15:11,310 INFO o.a.j.r.p.AbstractSampleConsumer: class org.apache.jmeter.report.processor.graph.impl.ActiveThreadsGraphConsumer#stopProducing(): activeThreadsOverTime produced 0 samples
2025-12-24 12:15:11,310 INFO o.a.j.r.p.AbstractSampleConsumer: class org.apache.jmeter.report.processor.graph.impl.TimeVSThreadGraphConsumer#stopProducing(): timeVsThreads produced 0 samples
2025-12-24 12:15:11,310 INFO o.a.j.r.p.AbstractSampleConsumer: class org.apache.jmeter.report.processor.graph.impl.ResponseTimeDistributionGraphConsumer#stopProducing(): responseTimeDistribution produced 0 samples
2025-12-24 12:15:11,311 INFO o.a.j.r.p.AbstractSampleConsumer: class org.apache.jmeter.report.processor.graph.impl.TransactionsPerSecondGraphConsumer#stopProducing(): transactionsPerSecond produced 0 samples
2025-12-24 12:15:11,311 INFO o.a.j.r.p.AbstractSampleConsumer: class org.apache.jmeter.report.processor.graph.impl.ResponseTimePercentilesGraphConsumer#stopProducing(): responseTimePercentiles produced 0 samples
2025-12-24 12:15:11,313 INFO o.a.j.r.p.AbstractSampleConsumer: class org.apache.jmeter.report.processor.graph.impl.ResponseTimePercentilesOverTimeGraphConsumer#stopProducing(): responseTimePercentilesOverTime produced 0 samples
2025-12-24 12:15:11,315 INFO o.a.j.r.p.AbstractSampleConsumer: class org.apache.jmeter.report.processor.graph.impl.ResponseTimeOverTimeGraphConsumer#stopProducing(): responseTimesOverTime produced 0 samples
2025-12-24 12:15:11,316 INFO o.a.j.r.p.AbstractSampleConsumer: class org.apache.jmeter.report.processor.graph.impl.ConnectTimeOverTimeGraphConsumer#stopProducing(): connectTimeOverTime produced 0 samples
2025-12-24 12:15:11,316 INFO o.a.j.r.p.AbstractSampleConsumer: class org.apache.jmeter.report.processor.graph.impl.LatencyOverTimeGraphConsumer#stopProducing(): latenciesOverTime produced 0 samples
2025-12-24 12:15:11,317 INFO o.a.j.r.p.AbstractSampleConsumer: class org.apache.jmeter.report.processor.FilterConsumer#stopProducing(): nameFilter produced 6705 samples
2025-12-24 12:15:11,317 INFO o.a.j.r.p.AbstractSampleConsumer: class org.apache.jmeter.report.processor.FilterConsumer#stopProducing(): dateRangeFilter produced 1341 samples
2025-12-24 12:15:11,317 INFO o.a.j.r.p.AbstractSampleConsumer: class org.apache.jmeter.report.processor.NormalizerSampleConsumer#stopProducing(): normalizer produced 447 samples
2025-12-24 12:15:11,318 INFO o.a.j.r.p.CsvFileSampleSource: produce(): 447 samples produced in 457ms on channel 0
2025-12-24 12:15:11,319 INFO o.a.j.r.d.ReportGenerator: Exporting data using exporter:'json' of className:'org.apache.jmeter.report.dashboard.JsonExporter'
2025-12-24 12:15:11,596 INFO o.a.j.r.d.JsonExporter: Found data for consumer statisticsSummary in context
2025-12-24 12:15:11,597 INFO o.a.j.r.d.JsonExporter: Creating statistics for overall
2025-12-24 12:15:11,598 INFO o.a.j.r.d.JsonExporter: Creating statistics for other transactions
2025-12-24 12:15:11,599 INFO o.a.j.r.d.JsonExporter: Checking output folder
2025-12-24 12:15:11,600 INFO o.a.j.r.d.JsonExporter: Writing statistics JSON to C:\Users\Reza Paramarta\Downloads\report\statistics.json
2025-12-24 12:15:11,750 INFO o.a.j.r.d.ReportGenerator: Exporting data using exporter:'html' of className:'org.apache.jmeter.report.dashboard.HtmlTemplateExporter'
2025-12-24 12:15:11,757 INFO o.a.j.r.d.HtmlTemplateExporter: Will generate dashboard in folder: C:\Users\Reza Paramarta\Downloads\report
2025-12-24 12:15:12,306 INFO o.a.j.r.d.HtmlTemplateExporter: Report will be generated in: C:\Users\Reza Paramarta\Downloads\report, creating folder structure
2025-12-24 12:15:12,311 INFO o.a.j.r.d.TemplateVisitor: Copying folder from 'C:\Users\Reza Paramarta\Downloads\apache-jmeter-5.6.3\apache-jmeter-5.6.3\bin\report-template' to 'C:\Users\Reza Paramarta\Downloads\report', got message: C:\Users\Reza Paramarta\Downloads\report, found non empty folder with following content [C:\Users\Reza Paramarta\Downloads\report\statistics.json], will be ignored
2025-12-24 12:15:13,589 INFO o.a.j.JMeter: Dashboard generated
